
----------------------------------------------------------------------------
--                            Design Analysis                             --
----------------------------------------------------------------------------
Analyze pcore axi_onewire ...


----------------------------------------------------------------------------
--                            Design Analysis                             --
----------------------------------------------------------------------------
Analyze pcore axi_onewire ...


----------------------------------------------------------------------------
--                            File Generation                             --
----------------------------------------------------------------------------
Creating HDL source directory ...
Generating top peripheral VHDL template ...
Generating stub user logic Verilog template ...
HDL templates successfully generated ...
Creating data directory ...
Generating XPS inteface files ...
WARNING:HDLParsers:3497 - Ignoring Verilog File
   "C:/XilinxWorkspace/GigaBee_XC6LX-Axi_original/repo/MyProcessorIPLib/pcores/a
   xi_onewire_v1_00_a/data/../hdl/verilog/user_logic.v"
Compiling vhdl file
"C:/Xilinx/13.3/ISE_DS/EDK/hw/XilinxProcessorIPLib/pcores/proc_common_v3_00_a/hd
l/vhdl/proc_common_pkg.vhd" in Library proc_common_v3_00_a.
Package <proc_common_pkg> compiled.
Package body <proc_common_pkg> compiled.
Compiling vhdl file
"C:/Xilinx/13.3/ISE_DS/EDK/hw/XilinxProcessorIPLib/pcores/proc_common_v3_00_a/hd
l/vhdl/family_support.vhd" in Library proc_common_v3_00_a.
Package <family_support> compiled.
Package body <family_support> compiled.
Compiling vhdl file
"C:/Xilinx/13.3/ISE_DS/EDK/hw/XilinxProcessorIPLib/pcores/proc_common_v3_00_a/hd
l/vhdl/or_muxcy.vhd" in Library proc_common_v3_00_a.
Entity <or_muxcy> compiled.
Entity <or_muxcy> (Architecture <implementation>) compiled.
Compiling vhdl file
"C:/Xilinx/13.3/ISE_DS/EDK/hw/XilinxProcessorIPLib/pcores/proc_common_v3_00_a/hd
l/vhdl/or_gate128.vhd" in Library proc_common_v3_00_a.
Entity <or_gate128> compiled.
Entity <or_gate128> (Architecture <imp>) compiled.
Compiling vhdl file
"C:/Xilinx/13.3/ISE_DS/EDK/hw/XilinxProcessorIPLib/pcores/proc_common_v3_00_a/hd
l/vhdl/counter_f.vhd" in Library proc_common_v3_00_a.
Entity <counter_f> compiled.
Entity <counter_f> (Architecture <imp>) compiled.
Compiling vhdl file
"C:/Xilinx/13.3/ISE_DS/EDK/hw/XilinxProcessorIPLib/pcores/proc_common_v3_00_a/hd
l/vhdl/soft_reset.vhd" in Library proc_common_v3_00_a.
Entity <soft_reset> compiled.
Entity <soft_reset> (Architecture <implementation>) compiled.
Compiling vhdl file
"C:/Xilinx/13.3/ISE_DS/EDK/hw/XilinxProcessorIPLib/pcores/proc_common_v3_00_a/hd
l/vhdl/pselect_f.vhd" in Library proc_common_v3_00_a.
Entity <pselect_f> compiled.
Entity <pselect_f> (Architecture <imp>) compiled.
Compiling vhdl file
"C:/Xilinx/13.3/ISE_DS/EDK/hw/XilinxProcessorIPLib/pcores/proc_common_v3_00_a/hd
l/vhdl/ipif_pkg.vhd" in Library proc_common_v3_00_a.
Package <ipif_pkg> compiled.
Package body <ipif_pkg> compiled.
Compiling vhdl file
"C:/Xilinx/13.3/ISE_DS/EDK/hw/XilinxProcessorIPLib/pcores/axi_lite_ipif_v1_01_a/
hdl/vhdl/address_decoder.vhd" in Library axi_lite_ipif_v1_01_a.
Entity <address_decoder> compiled.
Entity <address_decoder> (Architecture <IMP>) compiled.
Compiling vhdl file
"C:/Xilinx/13.3/ISE_DS/EDK/hw/XilinxProcessorIPLib/pcores/axi_lite_ipif_v1_01_a/
hdl/vhdl/slave_attachment.vhd" in Library axi_lite_ipif_v1_01_a.
Entity <slave_attachment> compiled.
Entity <slave_attachment> (Architecture <imp>) compiled.
Compiling vhdl file
"C:/Xilinx/13.3/ISE_DS/EDK/hw/XilinxProcessorIPLib/pcores/axi_lite_ipif_v1_01_a/
hdl/vhdl/axi_lite_ipif.vhd" in Library axi_lite_ipif_v1_01_a.
Entity <axi_lite_ipif> compiled.
Entity <axi_lite_ipif> (Architecture <imp>) compiled.
Compiling vhdl file
"C:/XilinxWorkspace/GigaBee_XC6LX-Axi_original/repo/MyProcessorIPLib/pcores/axi_
onewire_v1_00_a/data/../hdl/vhdl/axi_onewire.vhd" in Library
axi_onewire_v1_00_a.
Entity <axi_onewire> compiled.
Entity <axi_onewire> (Architecture <IMP>) compiled.


Analyzing HDL attributes ...
Entity name = axi_onewire
INFO:EDK:1607 - IPTYPE set to value : PERIPHERAL
INFO:EDK:1511 - IMP_NETLIST set to value : TRUE
INFO:EDK:1486 - HDL set to value : VHDL
WARNING:EDK:3588 - Unable to delete temporary XST project file
   C:\XilinxWorkspace\GigaBee_XC6LX-Axi_original\repo\MyProcessorIPLib\pcores\ax
   i_onewire_v1_00_a\data\_axi_onewire_xst.prj : 13
XPS interface files successfully generated ...
Creating development directory ...
Generating command option file ...
Generating readme file ...
Development misc files successfully generated ...
Creating projnav directory ...
Generating ProjNav support files ...
ProjNav support files successfully generated ...
Creating synthesis directory ...
Generating XST synthesis support files ...
XST synthesis support files successfully generated ...
No BFM simulation files will be generated at this time ...
Creating software driver data directory ...
Generating software driver XPS interface (mdd/tcl) files ...
Software driver data definition file (.mdd) successfully generated ...
Software driver data generation file (.tcl) successfully generated ...
Creating software driver src directory ...
Generating software driver template files ...
Software driver compile file (Makefile) successfully generated ...
output user slave register(s) offset to software driver header ...
output software reset offset to software driver header ...
Software driver header file (.h) successfully generated ...
Software driver source file (.c) successfully generated ...
Software driver SelfTest file (.c) successfully generated ...
Software driver template files successfully generated ...

----------------------------------------------------------------------------
--                              Final Report                              --
----------------------------------------------------------------------------
Thank you for using Create and Import Peripheral Wizard! Please find your
peripheral hardware templates under
C:\XilinxWorkspace\GigaBee_XC6LX-Axi_original\repo\MyProcessorIPLib/pcores/axi_o
newire_v1_00_a and peripheral software templates under
C:\XilinxWorkspace\GigaBee_XC6LX-Axi_original\repo\MyProcessorIPLib/drivers/axi_
onewire_v1_00_a respectively.

Peripheral Summary:

  top name       : axi_onewire
  version        : 1.00.a
  type           : AXI4LITE slave
  features       : slave attachment
                   mir/rst register
                   user s/w registers

Address Block Summary:

  user logic slv : C_BASEADDR + 0x00000000
                 : C_BASEADDR + 0x000000FF
  soft reset     : C_BASEADDR + 0x00000100
                 : C_BASEADDR + 0x000001FF

File Summary

  - HDL source -
C:\XilinxWorkspace\GigaBee_XC6LX-Axi_original\repo\MyProcessorIPLib/pcores/axi_o
newire_v1_00_a/hdl
  top entity     : vhdl/axi_onewire.vhd
  user logic     : verilog/user_logic.v

  - XPS interface -
C:\XilinxWorkspace\GigaBee_XC6LX-Axi_original\repo\MyProcessorIPLib/pcores/axi_o
newire_v1_00_a/data
  mpd            : axi_onewire_v2_1_0.mpd
  pao            : axi_onewire_v2_1_0.pao

  - ISE project -
C:\XilinxWorkspace\GigaBee_XC6LX-Axi_original\repo\MyProcessorIPLib/pcores/axi_o
newire_v1_00_a/devl/projnav
  ise project    : axi_onewire.xise
  tcl script     : axi_onewire.tcl


  - XST synthesis -
C:\XilinxWorkspace\GigaBee_XC6LX-Axi_original\repo\MyProcessorIPLib/pcores/axi_o
newire_v1_00_a/devl/synthesis
  xst script     : axi_onewire_xst.scr
  xst project    : axi_onewire_xst.prj

  - Misc file -
C:\XilinxWorkspace\GigaBee_XC6LX-Axi_original\repo\MyProcessorIPLib/pcores/axi_o
newire_v1_00_a/devl
  help           : README.txt
  option         : ipwiz.opt
  log            : ipwiz.log

  - Driver source -
C:\XilinxWorkspace\GigaBee_XC6LX-Axi_original\repo\MyProcessorIPLib/drivers/axi_
onewire_v1_00_a/src
  makefile       : Makefile
  header         : axi_onewire.h
  source         : axi_onewire.c
  selftest       : axi_onewire_selftest.c

  - Driver interface -
C:\XilinxWorkspace\GigaBee_XC6LX-Axi_original\repo\MyProcessorIPLib/drivers/axi_
onewire_v1_00_a/data
  mdd            : axi_onewire_v2_1_0.mdd
  tcl            : axi_onewire_v2_1_0.tcl


